<?xml version="1.0" encoding="UTF-8" ?>
<testsuite failures="0" time="0.805" errors="0" skipped="0" tests="11" name="ro.contezi.novote.config.FacesContextUtilTest">
  <properties>
    <property name="java.runtime.name" value="Java(TM) SE Runtime Environment"/>
    <property name="sun.boot.library.path" value="D:\Java\jdk1.8.0\jre\bin"/>
    <property name="java.vm.version" value="25.0-b43"/>
    <property name="java.vm.vendor" value="Oracle Corporation"/>
    <property name="java.vendor.url" value="http://java.oracle.com/"/>
    <property name="path.separator" value=";"/>
    <property name="guice.disable.misplaced.annotation.check" value="true"/>
    <property name="java.vm.name" value="Java HotSpot(TM) 64-Bit Server VM"/>
    <property name="file.encoding.pkg" value="sun.io"/>
    <property name="user.script" value=""/>
    <property name="user.country" value="US"/>
    <property name="sun.java.launcher" value="SUN_STANDARD"/>
    <property name="sun.os.patch.level" value="Service Pack 1"/>
    <property name="java.vm.specification.name" value="Java Virtual Machine Specification"/>
    <property name="user.dir" value="D:\NetBeansProjects\novote"/>
    <property name="java.runtime.version" value="1.8.0-ea-b101"/>
    <property name="java.awt.graphicsenv" value="sun.awt.Win32GraphicsEnvironment"/>
    <property name="java.endorsed.dirs" value="D:\Java\jdk1.8.0\jre\lib\endorsed"/>
    <property name="os.arch" value="amd64"/>
    <property name="java.io.tmpdir" value="C:\Users\Catalin\AppData\Local\Temp\"/>
    <property name="line.separator" value="
"/>
    <property name="java.vm.specification.vendor" value="Oracle Corporation"/>
    <property name="user.variant" value=""/>
    <property name="os.name" value="Windows 7"/>
    <property name="maven.ext.class.path" value="D:\NetBeans 8.0\java\maven-nblib\netbeans-eventspy.jar"/>
    <property name="classworlds.conf" value="D:\NetBeans 8.0\java\maven\bin\m2.conf"/>
    <property name="sun.jnu.encoding" value="Cp1252"/>
    <property name="java.library.path" value="D:\Java\jdk1.8.0\bin;C:\Windows\Sun\Java\bin;C:\Windows\system32;C:\Windows;C:\Program Files (x86)\NVIDIA Corporation\PhysX\Common;C:\ProgramData\Oracle\Java\javapath;D:\app\Oracle\product\12.1.0\dbhome_1\bin;D:\app\Catalin\product\11.2.0\dbhome_1\bin;C:\Windows\system32;C:\Windows;C:\Windows\System32\Wbem;C:\Windows\System32\WindowsPowerShell\v1.0\;C:\Program Files\Intel\DMIX;C:\Program Files\TortoiseSVN\bin;C:\Program Files (x86)\QuickTime\QTSystem\;D:\NetBeans 7.3.1\java\maven\bin;D:\NetBeans 7.3.1\java\ant\bin;d:\Git\cmd;D:\scala\\bin;C:\Program Files\Microsoft SQL Server\110\Tools\Binn\;;."/>
    <property name="java.specification.name" value="Java Platform API Specification"/>
    <property name="java.class.version" value="52.0"/>
    <property name="sun.management.compiler" value="HotSpot 64-Bit Tiered Compilers"/>
    <property name="os.version" value="6.1"/>
    <property name="user.home" value="C:\Users\Catalin"/>
    <property name="user.timezone" value="Europe/Athens"/>
    <property name="java.awt.printerjob" value="sun.awt.windows.WPrinterJob"/>
    <property name="java.specification.version" value="1.8"/>
    <property name="file.encoding" value="UTF-8"/>
    <property name="user.name" value="Catalin"/>
    <property name="java.class.path" value="D:\NetBeans 8.0\java\maven\boot\plexus-classworlds-2.4.jar"/>
    <property name="java.vm.specification.version" value="1.8"/>
    <property name="sun.arch.data.model" value="64"/>
    <property name="java.home" value="D:\Java\jdk1.8.0\jre"/>
    <property name="sun.java.command" value="org.codehaus.plexus.classworlds.launcher.Launcher -Dmaven.ext.class.path=D:\NetBeans 8.0\java\maven-nblib\netbeans-eventspy.jar -Dfile.encoding=UTF-8 clean install"/>
    <property name="java.specification.vendor" value="Oracle Corporation"/>
    <property name="user.language" value="en"/>
    <property name="awt.toolkit" value="sun.awt.windows.WToolkit"/>
    <property name="java.vm.info" value="mixed mode"/>
    <property name="java.version" value="1.8.0-ea"/>
    <property name="java.ext.dirs" value="D:\Java\jdk1.8.0\jre\lib\ext;C:\Windows\Sun\Java\lib\ext"/>
    <property name="sun.boot.class.path" value="D:\Java\jdk1.8.0\jre\lib\resources.jar;D:\Java\jdk1.8.0\jre\lib\rt.jar;D:\Java\jdk1.8.0\jre\lib\sunrsasign.jar;D:\Java\jdk1.8.0\jre\lib\jsse.jar;D:\Java\jdk1.8.0\jre\lib\jce.jar;D:\Java\jdk1.8.0\jre\lib\charsets.jar;D:\Java\jdk1.8.0\jre\lib\jfr.jar;D:\Java\jdk1.8.0\jre\classes"/>
    <property name="java.vendor" value="Oracle Corporation"/>
    <property name="maven.home" value="D:\NetBeans 8.0\java\maven"/>
    <property name="file.separator" value="\"/>
    <property name="java.vendor.url.bug" value="http://bugreport.sun.com/bugreport/"/>
    <property name="sun.cpu.endian" value="little"/>
    <property name="sun.io.unicode.encoding" value="UnicodeLittle"/>
    <property name="sun.desktop" value="windows"/>
    <property name="sun.cpu.isalist" value="amd64"/>
  </properties>
  <testcase time="0.726" classname="ro.contezi.novote.config.FacesContextUtilTest" name="testSendExternalRedirect"/>
  <testcase time="0" classname="ro.contezi.novote.config.FacesContextUtilTest" name="testEvaluateExpression"/>
  <testcase time="0" classname="ro.contezi.novote.config.FacesContextUtilTest" name="getAppUriIsHeadOfRequestUrl"/>
  <testcase time="0.002" classname="ro.contezi.novote.config.FacesContextUtilTest" name="testSendReload"/>
  <testcase time="0.001" classname="ro.contezi.novote.config.FacesContextUtilTest" name="testInvalidateSession"/>
  <testcase time="0.001" classname="ro.contezi.novote.config.FacesContextUtilTest" name="getAppUrlIsCookieUrl"/>
  <testcase time="0" classname="ro.contezi.novote.config.FacesContextUtilTest" name="testGetFacesContext"/>
  <testcase time="0" classname="ro.contezi.novote.config.FacesContextUtilTest" name="testGetResponse"/>
  <testcase time="0.001" classname="ro.contezi.novote.config.FacesContextUtilTest" name="testGetRequest"/>
  <testcase time="0.001" classname="ro.contezi.novote.config.FacesContextUtilTest" name="sendRedirectWithoutInitialSlash"/>
  <testcase time="0.001" classname="ro.contezi.novote.config.FacesContextUtilTest" name="sendRedirectWithInitialSlash"/>
</testsuite>